<?xml version="1.0" encoding="UTF-8"?>
<beans xmlns="http://www.springframework.org/schema/beans"
	xmlns:xsi="http://www.w3.org/2001/XMLSchema-instance" xmlns:context="http://www.springframework.org/schema/context"
	xmlns:aop="http://www.springframework.org/schema/aop" xmlns:tx="http://www.springframework.org/schema/tx"
	xmlns:mvc="http://www.springframework.org/schema/mvc" xmlns:util="http://www.springframework.org/schema/util"
	xsi:schemaLocation="http://www.springframework.org/schema/beans
           http://www.springframework.org/schema/beans/spring-beans-3.0.xsd
           http://www.springframework.org/schema/context http://www.springframework.org/schema/context/spring-context-3.0.xsd
           http://www.springframework.org/schema/aop http://www.springframework.org/schema/aop/spring-aop-3.0.xsd
           http://www.springframework.org/schema/tx http://www.springframework.org/schema/tx/spring-tx-3.0.xsd
           http://www.springframework.org/schema/mvc http://www.springframework.org/schema/mvc/spring-mvc-3.0.xsd
           http://www.springframework.org/schema/util http://www.springframework.org/schema/util/spring-util-3.0.xsd">
	<context:annotation-config />

	<!-- CONFIG -->
	<context:property-placeholder location="classpath:test-config.properties" />
	<util:properties id="propertyBean" location="classpath:test-config.properties" />

	<bean id="propertySources" class="cn.vlabs.clb.server.config.PropertySourcesAdderBean">
		<property name="properties" ref="propertyBean" />
	</bean>

	<!-- MySQL connection config -->
	<bean id="mysqlDataSource" class="com.mchange.v2.c3p0.ComboPooledDataSource"
		destroy-method="close">
		<property name="driverClass" value="${clb.db.driverClass}" />
		<property name="jdbcUrl" value="${clb.db.jdbcurl}" />
		<property name="user" value="${clb.db.user}" />
		<property name="password" value="${clb.db.password}" />
		<property name="initialPoolSize" value="${clb.db.initialPoolSize}" />
		<property name="minPoolSize" value="${clb.db.minPoolSize}" />
		<property name="maxPoolSize" value="${clb.db.maxPoolSize}" />
		<property name="acquireIncrement" value="${clb.db.acquireIncrement}" />
		<property name="acquireRetryAttempts" value="${clb.db.acquireRetryAttempts}" />
		<property name="acquireRetryDelay" value="${clb.db.acquireRetryDelay}" />
		<property name="numHelperThreads" value="${clb.db.numHelperThreads}" />
		<property name="idleConnectionTestPeriod" value="${clb.db.idleConnectionTestPeriod}" />
		<property name="automaticTestTable" value="${clb.db.automaticTestTable}" />
	</bean>
	<!--MySQL JDBC Template -->
	<bean id="jdbcTemplate" class="org.springframework.jdbc.core.JdbcTemplate">
		<constructor-arg>
			<ref bean="mysqlDataSource" />
		</constructor-arg>
	</bean>
	<bean id="namedJdbcTemplate"
		class="org.springframework.jdbc.core.namedparam.NamedParameterJdbcTemplate">
		<constructor-arg>
			<ref bean="mysqlDataSource" />
		</constructor-arg>
	</bean>
	<!-- MongoDB connection -->
	<bean id="mongo" class="com.mongodb.Mongo">
		<constructor-arg index="0" value="${clb.mongo.url}"
			type="java.lang.String" />
		<constructor-arg index="1" value="${clb.mongo.port}"
			type="int" />
	</bean>
	<!-- beans -->
	<bean id="appFacde" class="cn.vlabs.clb.server.config.AppFacade">
	</bean>
	<!--index building task executor -->
	<bean id="indexBuildExecutor" name="indexBuildExecutor"
		class="org.springframework.scheduling.concurrent.ThreadPoolTaskExecutor">
		<property name="corePoolSize" value="10" />
		<property name="maxPoolSize" value="30" />
		<property name="keepAliveSeconds" value="200" />
		<property name="queueCapacity" value="200" />
		<property name="rejectedExecutionHandler">
			<bean class="java.util.concurrent.ThreadPoolExecutor$CallerRunsPolicy" />
		</property>
		<property name="waitForTasksToCompleteOnShutdown" value="true">
		</property>
	</bean>
	<bean id="indexReBuildExecutor" name="indexReBuildExecutor"
		class="org.springframework.scheduling.concurrent.ThreadPoolTaskExecutor">
		<property name="corePoolSize" value="20" />
		<property name="maxPoolSize" value="50" />
		<property name="keepAliveSeconds" value="60" />
		<property name="rejectedExecutionHandler">
			<bean class="java.util.concurrent.ThreadPoolExecutor$CallerRunsPolicy" />
		</property>
		<property name="waitForTasksToCompleteOnShutdown" value="true">
		</property>
	</bean>

	<bean class="cn.vlabs.clb.server.storage.mongo.MongoStorageService" destroy-method="close">
		<constructor-arg type="java.lang.String" index="0"
			value="${clb.mongo.url}" />
		<constructor-arg type="int" index="1" value="${clb.mongo.port}" />
		<constructor-arg type="java.lang.String" index="2"
			value="${clb.mongo.dbname}" />
	</bean>
	
	<bean class="net.duckling.falcon.api.idg.impl.IDGeneratorService"  destroy-method="close">
		<constructor-arg type="java.lang.String" index="0" value="${clb.redis.host}" />
		<constructor-arg type="int" index="1" value="${clb.redis.port}" />
	</bean>
	
	<bean class="cn.vlabs.clb.server.web.AccessTokenService" destroy-method="close">
		<constructor-arg type="java.lang.String" index="0" value="${clb.redis.host}" />
		<constructor-arg type="int" index="1" value="${clb.redis.port}" />
	</bean>

	<!-- public resources @service and @repository -->
	<context:component-scan base-package="cn.vlabs.clb.server">
		<context:include-filter type="annotation"
			expression="org.springframework.stereotype.Repository" />
		<context:include-filter type="annotation"
			expression="org.springframework.stereotype.Service" />
		<context:include-filter type="annotation"
			expression="org.springframework.stereotype.Component" />
	</context:component-scan>

</beans>
